#
# There is insufficient memory for the Java Runtime Environment to continue.
# Native memory allocation (mmap) failed to map 100663296 bytes for Failed to commit area from 0x00000000a0c00000 to 0x00000000a6c00000 of length 100663296.
# Possible reasons:
#   The system is out of physical RAM or swap space
#   The process is running with CompressedOops enabled, and the Java Heap may be blocking the growth of the native heap
# Possible solutions:
#   Reduce memory load on the system
#   Increase physical memory or swap space
#   Check if swap backing store is full
#   Decrease Java heap size (-Xmx/-Xms)
#   Decrease number of Java threads
#   Decrease Java thread stack sizes (-Xss)
#   Set larger code cache with -XX:ReservedCodeCacheSize=
# This output file may be truncated or incomplete.
#
#  Out of Memory Error (./src/hotspot/os/windows/os_windows.cpp:3511), pid=9912, tid=5444
#
# JRE version:  (11.0.11+9) (build )
# Java VM: OpenJDK 64-Bit Server VM (11.0.11+9-b1504.13, mixed mode, sharing, tiered, compressed oops, g1 gc, windows-amd64)
# No core dump will be written. Minidumps are not enabled by default on client versions of Windows
#

---------------  S U M M A R Y ------------

Command Line: git4idea.http.GitAskPassApp Username for 'https://github.com': 

Host: AMD Ryzen 5 3500U with Radeon Vega Mobile Gfx  , 8 cores, 5G,  Windows 10 , 64 bit Build 19041 (10.0.19041.1202)
Time: Mon Oct 11 16:15:54 2021 RTZ 2 (зима) elapsed time: 0.020788 seconds (0d 0h 0m 0s)

---------------  T H R E A D  ---------------

Current thread (0x000001f1d8abd000):  JavaThread "Unknown thread" [_thread_in_vm, id=5444, stack(0x0000006596400000,0x0000006596500000)]

Stack: [0x0000006596400000,0x0000006596500000]
Native frames: (J=compiled Java code, j=interpreted, Vv=VM code, C=native code)
V  [jvm.dll+0x5f5d5a]
V  [jvm.dll+0x7798b5]
V  [jvm.dll+0x77aecd]
V  [jvm.dll+0x77b583]
V  [jvm.dll+0x244978]
V  [jvm.dll+0x5f3174]
V  [jvm.dll+0x5e7d55]
V  [jvm.dll+0x30068b]
V  [jvm.dll+0x3005fa]
V  [jvm.dll+0x3004d2]
V  [jvm.dll+0x3053c6]
V  [jvm.dll+0x34e0a3]
V  [jvm.dll+0x34e7a6]
V  [jvm.dll+0x34e1a3]
V  [jvm.dll+0x2db0c8]
V  [jvm.dll+0x2dc267]
V  [jvm.dll+0x758057]
V  [jvm.dll+0x75984c]
V  [jvm.dll+0x35b659]
V  [jvm.dll+0x73b67e]
V  [jvm.dll+0x3c39f3]
V  [jvm.dll+0x3c5dd1]
C  [jli.dll+0x5373]
C  [ucrtbase.dll+0x21bb2]
C  [KERNEL32.DLL+0x17034]
C  [ntdll.dll+0x52651]


---------------  P R O C E S S  ---------------

Threads class SMR info:
_java_thread_list=0x000001f1d7090500, length=0, elements={
}

Java Threads: ( => current thread )

Other Threads:
  0x000001f1d8ad4800 GCTaskThread "GC Thread#0" [stack: 0x0000006596500000,0x0000006596600000] [id=10696]
  0x000001f1d8afd000 ConcurrentGCThread "G1 Main Marker" [stack: 0x0000006596600000,0x0000006596700000] [id=2176]
  0x000001f1d8aff800 ConcurrentGCThread "G1 Conc#0" [stack: 0x0000006596700000,0x0000006596800000] [id=6168]

[error occurred during error reporting (printing all threads), id 0xc0000005, EXCEPTION_ACCESS_VIOLATION (0xc0000005) at pc=0x00007ff8e0bdb8f7]

VM state:not at safepoint (not fully initialized)

VM Mutex/Monitor currently owned by a thread:  ([mutex/lock_event])
[0x000001f1d8aba0c0] Heap_lock - owner thread: 0x000001f1d8abd000

Heap address: 0x00000000a0c00000, size: 1524 MB, Compressed Oops mode: Non-zero based: 0x00000000a0c00000
Narrow klass base: 0x0000000000000000, Narrow klass shift: 0

GC Heap History (0 events):
No events

Deoptimization events (0 events):
No events

Classes redefined (0 events):
No events

Internal exceptions (0 events):
No events

Events (1 events):
Event: 0.013 Loaded shared library C:\Program Files\JetBrains\PyCharm Community Edition 2021.1.1\jbr\bin\zip.dll


Dynamic libraries:
0x00007ff6e9fd0000 - 0x00007ff6e9fda000 	C:\Program Files\JetBrains\PyCharm Community Edition 2021.1.1\jbr\bin\java.exe
0x00007ff9334d0000 - 0x00007ff9336c5000 	C:\WINDOWS\SYSTEM32\ntdll.dll
0x00007ff9323f0000 - 0x00007ff9324ae000 	C:\WINDOWS\System32\KERNEL32.DLL
0x00007ff931250000 - 0x00007ff931519000 	C:\WINDOWS\System32\KERNELBASE.dll
0x00007ff930ff0000 - 0x00007ff9310f0000 	C:\WINDOWS\System32\ucrtbase.dll
0x00007ff91a9b0000 - 0x00007ff91a9c9000 	C:\Program Files\JetBrains\PyCharm Community Edition 2021.1.1\jbr\bin\jli.dll
0x00007ff91a7c0000 - 0x00007ff91a7d7000 	C:\Program Files\JetBrains\PyCharm Community Edition 2021.1.1\jbr\bin\VCRUNTIME140.dll
0x00007ff931dc0000 - 0x00007ff931f61000 	C:\WINDOWS\System32\USER32.dll
0x00007ff9246d0000 - 0x00007ff92496a000 	C:\WINDOWS\WinSxS\amd64_microsoft.windows.common-controls_6595b64144ccf1df_6.0.19041.1110_none_60b5254171f9507e\COMCTL32.dll
0x00007ff930bf0000 - 0x00007ff930c12000 	C:\WINDOWS\System32\win32u.dll
0x00007ff931520000 - 0x00007ff9315be000 	C:\WINDOWS\System32\msvcrt.dll
0x00007ff933350000 - 0x00007ff93337b000 	C:\WINDOWS\System32\GDI32.dll
0x00007ff930e80000 - 0x00007ff930f8b000 	C:\WINDOWS\System32\gdi32full.dll
0x00007ff930cb0000 - 0x00007ff930d4d000 	C:\WINDOWS\System32\msvcp_win.dll
0x00007ff933460000 - 0x00007ff933490000 	C:\WINDOWS\System32\IMM32.DLL
0x00007ff8e41c0000 - 0x00007ff8e425d000 	C:\Program Files\JetBrains\PyCharm Community Edition 2021.1.1\jbr\bin\msvcp140.dll
0x00007ff8e08f0000 - 0x00007ff8e143a000 	C:\Program Files\JetBrains\PyCharm Community Edition 2021.1.1\jbr\bin\server\jvm.dll
0x00007ff9315c0000 - 0x00007ff93166c000 	C:\WINDOWS\System32\ADVAPI32.dll
0x00007ff932e60000 - 0x00007ff932efb000 	C:\WINDOWS\System32\sechost.dll
0x00007ff933220000 - 0x00007ff93334a000 	C:\WINDOWS\System32\RPCRT4.dll
0x00007ff932f00000 - 0x00007ff932f08000 	C:\WINDOWS\System32\PSAPI.DLL
0x00007ff92cab0000 - 0x00007ff92cab9000 	C:\WINDOWS\SYSTEM32\WSOCK32.dll
0x00007ff926930000 - 0x00007ff926957000 	C:\WINDOWS\SYSTEM32\WINMM.dll
0x00007ff929f40000 - 0x00007ff929f4a000 	C:\WINDOWS\SYSTEM32\VERSION.dll
0x00007ff9324b0000 - 0x00007ff93251b000 	C:\WINDOWS\System32\WS2_32.dll
0x00007ff92eaf0000 - 0x00007ff92eb02000 	C:\WINDOWS\SYSTEM32\kernel.appcore.dll
0x00007ff92c4e0000 - 0x00007ff92c4f1000 	C:\Program Files\JetBrains\PyCharm Community Edition 2021.1.1\jbr\bin\verify.dll
0x00007ff926740000 - 0x00007ff926924000 	C:\WINDOWS\SYSTEM32\DBGHELP.DLL
0x00007ff926710000 - 0x00007ff92673c000 	C:\WINDOWS\SYSTEM32\dbgcore.DLL
0x00007ff930c20000 - 0x00007ff930ca3000 	C:\WINDOWS\System32\bcryptPrimitives.dll
0x00007ff92bd70000 - 0x00007ff92bd99000 	C:\Program Files\JetBrains\PyCharm Community Edition 2021.1.1\jbr\bin\java.dll
0x00007ff92c4a0000 - 0x00007ff92c4ab000 	C:\Program Files\JetBrains\PyCharm Community Edition 2021.1.1\jbr\bin\jimage.dll
0x00007ff92bd50000 - 0x00007ff92bd68000 	C:\Program Files\JetBrains\PyCharm Community Edition 2021.1.1\jbr\bin\zip.dll

dbghelp: loaded successfully - version: 4.0.5 - missing functions: none
symbol engine: initialized successfully - sym options: 0x614 - pdb path: .;C:\Program Files\JetBrains\PyCharm Community Edition 2021.1.1\jbr\bin;C:\WINDOWS\SYSTEM32;C:\WINDOWS\WinSxS\amd64_microsoft.windows.common-controls_6595b64144ccf1df_6.0.19041.1110_none_60b5254171f9507e;C:\Program Files\JetBrains\PyCharm Community Edition 2021.1.1\jbr\bin\server

VM Arguments:
java_command: git4idea.http.GitAskPassApp Username for 'https://github.com': 
java_class_path (initial): C:/Program Files/JetBrains/PyCharm Community Edition 2021.1.1/plugins/git4idea/lib/git4idea-rt.jar;C:/Program Files/JetBrains/PyCharm Community Edition 2021.1.1/lib/3rd-party.jar
Launcher Type: SUN_STANDARD

[Global flags]
     intx CICompilerCount                          = 4                                         {product} {ergonomic}
     uint ConcGCThreads                            = 2                                         {product} {ergonomic}
     uint G1ConcRefinementThreads                  = 8                                         {product} {ergonomic}
   size_t G1HeapRegionSize                         = 1048576                                   {product} {ergonomic}
    uintx GCDrainStackTargetSize                   = 64                                        {product} {ergonomic}
   size_t InitialHeapSize                          = 100663296                                 {product} {ergonomic}
   size_t MarkStackSize                            = 4194304                                   {product} {ergonomic}
   size_t MaxHeapSize                              = 1598029824                                {product} {ergonomic}
   size_t MinHeapDeltaBytes                        = 1048576                                   {product} {ergonomic}
    uintx NonNMethodCodeHeapSize                   = 5836300                                {pd product} {ergonomic}
    uintx NonProfiledCodeHeapSize                  = 122910970                              {pd product} {ergonomic}
    uintx ProfiledCodeHeapSize                     = 122910970                              {pd product} {ergonomic}
    uintx ReservedCodeCacheSize                    = 251658240                              {pd product} {ergonomic}
     bool SegmentedCodeCache                       = true                                      {product} {ergonomic}
     bool UseCompressedClassPointers               = true                                 {lp64_product} {ergonomic}
     bool UseCompressedOops                        = true                                 {lp64_product} {ergonomic}
     bool UseG1GC                                  = true                                      {product} {ergonomic}
     bool UseLargePagesIndividualAllocation        = false                                  {pd product} {ergonomic}

Logging:
Log output configuration:
 #0: stdout all=warning uptime,level,tags
 #1: stderr all=off uptime,level,tags

Environment Variables:
PATH=C:\Git\mingw64\libexec\git-core;C:\Git\mingw64\libexec\git-core;C:\Git\mingw64\bin;C:\Git\usr\bin;C:\Users\79044\bin;C:\Program Files\Common Files\Siemens\Automation\Simatic OAM\bin;C:\WINDOWS\system32;C:\WINDOWS;C:\WINDOWS\System32\Wbem;C:\WINDOWS\System32\WindowsPowerShell\v1.0;C:\WINDOWS\System32\OpenSSH;C:\Siemens\Automation\WinCC_OA\3.18\bin;C:\Python\Scripts;C:\Python;C:\Users\79044\AppData\Local\Microsoft\WindowsApps;C:\Program Files\Microsoft VS Code\bin
USERNAME=79044
DISPLAY=:0.0
LC_ALL=en_US.UTF-8
OS=Windows_NT
PROCESSOR_IDENTIFIER=AMD64 Family 23 Model 24 Stepping 1, AuthenticAMD



---------------  S Y S T E M  ---------------

OS: Windows 10 , 64 bit Build 19041 (10.0.19041.1202)
OS uptime: 0 days 7:38 hours

CPU:total 8 (initial active 8) (8 cores per cpu, 2 threads per core) family 23 model 24 stepping 1 microcode 0x0, cmov, cx8, fxsr, mmx, sse, sse2, sse3, ssse3, sse4.1, sse4.2, popcnt, avx, avx2, aes, clmul, mmxext, 3dnowpref, lzcnt, sse4a, ht, tsc, tscinvbit, tscinv, bmi1, bmi2, adx, s

Memory: 4k page, system-wide physical 6091M (1224M free)
TotalPageFile size 8139M (AvailPageFile size 64M)
current process WorkingSet (physical memory assigned to process): 9M, peak: 10M
current process commit charge ("private bytes"): 59M, peak: 155M

vm_info: OpenJDK 64-Bit Server VM (11.0.11+9-b1504.13) for windows-amd64 JRE (11.0.11+9-b1504.13), built on Jul 18 2021 03:17:44 by "" with MS VC++ 14.0 (VS2015)

END.
